2021-05-13 09:47:08 86 (400) {"geral":"","produto":{"idDepartamento":"Departamento inválido."}}
2021-05-13 09:47:09 406 (400) {"geral":"","produto":{"idDepartamento":"Departamento inválido."}}
2021-05-13 09:47:09 410 (400) {"geral":"","produto":{"idDepartamento":"Departamento inválido."}}
2021-05-13 09:47:10 411 (400) {"geral":"","produto":{"idDepartamento":"Departamento inválido."}}
2021-05-13 09:47:11 412 (400) {"geral":"","produto":{"idDepartamento":"Departamento inválido."}}
2021-05-13 09:47:11 413 (400) {"geral":"","produto":{"idDepartamento":"Departamento inválido."}}
2021-05-13 09:47:12 414 (400) {"geral":"","produto":{"idDepartamento":"Departamento inválido."}}
2021-05-13 09:47:13 416 (400) {"geral":"","produto":{"idDepartamento":"Departamento inválido."}}
2021-05-13 09:47:13 429 (400) {"geral":"","produto":{"idDepartamento":"Departamento inválido."}}
2021-05-13 09:47:14 430 (400) {"geral":"","produto":{"idDepartamento":"Departamento inválido."}}
2021-05-13 09:47:15 432 (400) {"geral":"","produto":{"idDepartamento":"Departamento inválido."}}
2021-05-13 09:47:15 433 (400) {"geral":"","produto":{"idDepartamento":"Departamento inválido."}}
2021-05-13 09:47:16 434 (400) {"geral":"","produto":{"idDepartamento":"Departamento inválido."}}
2021-05-13 09:47:17 435 (400) {"geral":"","produto":{"idDepartamento":"Departamento inválido."}}
2021-05-13 09:47:18 436 (400) {"geral":"","produto":{"idDepartamento":"Departamento inválido."}}
2021-05-13 09:47:18 438 (400) {"geral":"","produto":{"idDepartamento":"Departamento inválido."}}
2021-05-13 09:47:19 439 (400) {"geral":"","produto":{"idDepartamento":"Departamento inválido."}}
2021-05-13 09:47:19 440 (400) {"geral":"","produto":{"idDepartamento":"Departamento inválido."}}
2021-05-13 09:47:20 564 (400) {"geral":"","produto":{"idDepartamento":"Departamento inválido."}}
2021-05-13 09:47:21 703 (400) {"geral":"","produto":{"idDepartamento":"Departamento inválido."}}
2021-05-13 09:47:22 900 (400) {"geral":"","produto":{"idDepartamento":"Departamento inválido."}}
2021-05-13 09:47:22 1004 (400) {"geral":"","produto":{"idDepartamento":"Departamento inválido."}}
2021-05-13 09:47:23 1061 (400) {"geral":"","produto":{"idDepartamento":"Departamento inválido."}}
2021-05-13 09:47:24 1065 (400) {"geral":"","produto":{"idDepartamento":"Departamento inválido."}}
2021-05-13 09:47:24 1083 (400) {"geral":"","produto":{"idDepartamento":"Departamento inválido."}}
2021-05-13 09:47:25 1085 (400) {"geral":"","produto":{"idDepartamento":"Departamento inválido."}}
2021-05-13 09:47:25 1091 (400) {"geral":"","produto":{"idDepartamento":"Departamento inválido."}}
2021-05-13 09:47:26 1121 (400) {"geral":"","produto":{"idDepartamento":"Departamento inválido."}}
2021-05-13 09:47:26 1243 (400) {"geral":"","produto":{"idDepartamento":"Departamento inválido."}}
2021-05-13 09:47:27 1423 (400) {"geral":"","produto":{"idDepartamento":"Departamento inválido."}}
2021-05-13 09:47:28 1451 (400) {"geral":"","produto":{"idDepartamento":"Departamento inválido."}}
2021-05-13 09:47:28 1757 (400) {"geral":"","produto":{"idDepartamento":"Departamento inválido."}}
2021-05-13 09:47:29 1761 (400) {"geral":"","produto":{"idDepartamento":"Departamento inválido."}}
2021-05-13 09:47:29 1774 (400) {"geral":"","produto":{"idDepartamento":"Departamento inválido."}}
2021-05-13 09:47:30 1775 (400) {"geral":"","produto":{"idDepartamento":"Departamento inválido."}}
2021-05-13 09:47:30 1776 (400) {"geral":"","produto":{"idDepartamento":"Departamento inválido."}}
2021-05-13 09:47:31 2081 (400) {"geral":"","produto":{"idDepartamento":"Departamento inválido."}}
2021-05-13 09:47:31 2086 (400) {"geral":"","produto":{"idDepartamento":"Departamento inválido."}}
2021-05-13 09:47:32 2095 (400) {"geral":"","produto":{"idDepartamento":"Departamento inválido."}}
2021-05-13 09:47:32 2105 (400) {"geral":"","produto":{"idDepartamento":"Departamento inválido."}}
2021-05-17 15:32:31 86 (500) undefined
2021-05-17 15:32:34 406 (500) undefined
2021-05-17 15:32:37 410 (500) undefined
2021-05-17 15:32:39 411 (500) undefined
2021-05-17 15:32:42 412 (500) undefined
2021-05-17 15:39:10 86 (400) {"geral":"","produto":{"idSubdepartamento":"Subdepartamento inválido."}}
2021-05-17 15:39:10 406 (400) {"geral":"","produto":{"idSubdepartamento":"Subdepartamento inválido."}}
2021-05-17 15:39:11 410 (400) {"geral":"","produto":{"idSubdepartamento":"Subdepartamento inválido."}}
2021-05-17 15:39:12 411 (400) {"geral":"","produto":{"idSubdepartamento":"Subdepartamento inválido."}}
2021-05-17 15:39:13 412 (400) {"geral":"","produto":{"idSubdepartamento":"Subdepartamento inválido."}}
2021-05-17 15:39:14 413 (400) {"geral":"","produto":{"idSubdepartamento":"Subdepartamento inválido."}}
2021-05-17 15:39:14 414 (400) {"geral":"","produto":{"idSubdepartamento":"Subdepartamento inválido."}}
2021-05-17 15:39:15 416 (400) {"geral":"","produto":{"idSubdepartamento":"Subdepartamento inválido."}}
2021-05-17 15:39:16 429 (400) {"geral":"","produto":{"idSubdepartamento":"Subdepartamento inválido."}}
2021-05-17 15:39:17 430 (400) {"geral":"","produto":{"idSubdepartamento":"Subdepartamento inválido."}}
2021-05-17 15:39:17 432 (400) {"geral":"","produto":{"idSubdepartamento":"Subdepartamento inválido."}}
2021-05-17 15:39:19 433 (400) {"geral":"","produto":{"idSubdepartamento":"Subdepartamento inválido."}}
2021-05-17 15:39:19 434 (400) {"geral":"","produto":{"idSubdepartamento":"Subdepartamento inválido."}}
2021-05-17 15:53:24 436 (400) {"geral":"","produto":{"idDepartamento":"Departamento inválido."}}
2021-05-17 15:53:24 438 (400) {"geral":"","produto":{"idDepartamento":"Departamento inválido."}}
2021-05-17 15:53:25 439 (400) {"geral":"","produto":{"idDepartamento":"Departamento inválido."}}
2021-05-17 15:53:26 440 (400) {"geral":"","produto":{"idDepartamento":"Departamento inválido."}}
2021-05-17 15:53:26 564 (400) {"geral":"","produto":{"idDepartamento":"Departamento inválido."}}
2021-05-17 15:53:27 703 (400) {"geral":"","produto":{"idDepartamento":"Departamento inválido."}}
2021-05-17 16:15:48 86 (400) {"geral":"","produto":{"idSubdepartamento":"Subdepartamento inválido.0"}}
2021-05-17 16:15:49 406 (400) {"geral":"","produto":{"idSubdepartamento":"Subdepartamento inválido.0"}}
2021-05-17 16:15:50 410 (400) {"geral":"","produto":{"idSubdepartamento":"Subdepartamento inválido.0"}}
2021-05-17 16:15:50 411 (400) {"geral":"","produto":{"idSubdepartamento":"Subdepartamento inválido.0"}}
2021-05-17 16:15:51 412 (400) {"geral":"","produto":{"idSubdepartamento":"Subdepartamento inválido.0"}}
2021-05-17 16:15:52 413 (400) {"geral":"","produto":{"idSubdepartamento":"Subdepartamento inválido.0"}}
2021-05-17 16:15:53 414 (400) {"geral":"","produto":{"idSubdepartamento":"Subdepartamento inválido.0"}}
2021-05-17 16:15:53 416 (400) {"geral":"","produto":{"idSubdepartamento":"Subdepartamento inválido.0"}}
2021-05-17 16:24:09 86 (400) {"geral":"","produto":{"idSubdepartamento":"Subdepartamento inválido.0"}}
2021-05-17 16:24:09 406 (400) {"geral":"","produto":{"idSubdepartamento":"Subdepartamento inválido.0"}}
2021-05-17 16:24:10 410 (400) {"geral":"","produto":{"idSubdepartamento":"Subdepartamento inválido.0"}}
2021-05-17 16:24:11 411 (400) {"geral":"","produto":{"idSubdepartamento":"Subdepartamento inválido.0"}}
2021-05-17 16:24:11 412 (400) {"geral":"","produto":{"idSubdepartamento":"Subdepartamento inválido.0"}}
2021-05-17 16:24:12 413 (400) {"geral":"","produto":{"idSubdepartamento":"Subdepartamento inválido.0"}}
2021-05-17 16:24:13 414 (400) {"geral":"","produto":{"idSubdepartamento":"Subdepartamento inválido.0"}}
2021-05-17 16:24:13 416 (400) {"geral":"","produto":{"idSubdepartamento":"Subdepartamento inválido.0"}}
2021-05-17 16:49:16 86 (500) undefined
2021-05-17 16:49:19 406 (500) undefined
2021-05-17 16:49:22 410 (500) undefined
2021-05-17 16:49:25 411 (500) undefined
2021-05-17 17:08:39 21956 (400) {"geral":"","produto":{"fracionadoFracao":"Fração inválida ou não indicada."}}
2021-05-17 17:13:02 21956 (400) {"geral":"","produto":{"fracionadoFracao":"Fração inválida ou não indicada."}}
2021-05-17 17:15:44 21956 (400) {"geral":"","produto":{"fracionadoFracao":"Fração inválida ou não indicada."}}
2021-05-17 17:17:31 21956 (400) {"geral":"","produto":{"fracionadoFracao":"Fração inválida ou não indicada."}}
2021-05-17 17:26:04 21956 (400) {"geral":"","produto":{"fracionadoFracao":"Fração inválida ou não indicada."}}
